<?xml version="1.0" encoding="UTF-8"?>
<!-- Generated by org.testng.reporters.JUnitReportReporter -->
<testsuite hostname="DESKTOP-K3MD0OM" failures="0" tests="3" name="runners.TestRunner" time="10.892" errors="2" timestamp="2024-09-05T13:45:51 CEST" skipped="0">
  <testcase classname="runners.TestRunner" name="runScenario" time="2.286">
    <error message="Cannot invoke &quot;org.openqa.selenium.WebDriver.get(String)&quot; because &quot;this.driver&quot; is null" type="java.lang.NullPointerException">
      <![CDATA[java.lang.NullPointerException: Cannot invoke "org.openqa.selenium.WebDriver.get(String)" because "this.driver" is null
at steps.GoogleSearchSteps.i_open_google_homepage(GoogleSearchSteps.java:17)
at ✽.I open Google homepage(file:///C:/Users/manue/Desktop/repositories/ca-automated-test/src/test/resources/features/google_search.feature:3)
]]>
    </error>
  </testcase> <!-- runScenario -->
  <testcase classname="runners.TestRunner" name="runScenario" time="2.246">
    <error message="Cannot invoke &quot;org.openqa.selenium.WebDriver.get(String)&quot; because &quot;this.driver&quot; is null" type="java.lang.NullPointerException">
      <![CDATA[java.lang.NullPointerException: Cannot invoke "org.openqa.selenium.WebDriver.get(String)" because "this.driver" is null
at steps.GoogleSearchSteps.i_open_google_homepage(GoogleSearchSteps.java:17)
at ✽.I open Google homepage(file:///C:/Users/manue/Desktop/repositories/ca-automated-test/src/test/resources/features/google_search.feature:7)
]]>
    </error>
  </testcase> <!-- runScenario -->
  <testcase classname="runners.TestRunner" name="runScenario" time="6.360"/>
</testsuite> <!-- runners.TestRunner -->
