<?xml version="1.0" encoding="UTF-8"?>
<!-- Generated by org.testng.reporters.JUnitReportReporter -->
<testsuite hostname="034319b43096" failures="0" tests="1" name="runners.TestRunner" time="3.115" errors="0" timestamp="2024-09-04T16:00:56 UTC" skipped="0">
  <testcase classname="runners.TestRunner" name="runScenario" time="3.115"/>
  <system-out/>
</testsuite> <!-- runners.TestRunner -->
